<?xml version="1.0" encoding="UTF-8"?>
<!-- Generated by org.testng.reporters.JUnitReportReporter -->
<testsuite hostname="SABARIs-MacBook-Air.local" failures="0" tests="2" name="testrunner.TestRunner" time="8.448" errors="0" timestamp="2025-06-09T12:58:57 IST" skipped="0">
  <testcase classname="testrunner.TestRunner" name="runScenario" time="3.169"/>
  <testcase classname="testrunner.TestRunner" name="runScenario" time="5.279"/>
</testsuite> <!-- testrunner.TestRunner -->
